{"/Users/arcseldon/work/github/auth0/ip-conn-webtask-firebase/build/utils/firebaseSetter.js":{"path":"/Users/arcseldon/work/github/auth0/ip-conn-webtask-firebase/build/utils/firebaseSetter.js","s":{"1":1,"2":1,"3":1,"4":1,"5":1,"6":0,"7":0,"8":1,"9":1,"10":0,"11":0,"12":1,"13":1,"14":0,"15":1},"b":{"1":[0,1],"2":[0,1]},"f":{"1":1,"2":1,"3":1},"fnMap":{"1":{"name":"(anonymous_1)","line":11,"loc":{"start":{"line":11,"column":17},"end":{"line":11,"column":59}}},"2":{"name":"(anonymous_2)","line":22,"loc":{"start":{"line":22,"column":39},"end":{"line":22,"column":54}}},"3":{"name":"(anonymous_3)","line":27,"loc":{"start":{"line":27,"column":25},"end":{"line":27,"column":38}}}},"statementMap":{"1":{"start":{"line":4,"column":0},"end":{"line":4,"column":35}},"2":{"start":{"line":11,"column":0},"end":{"line":34,"column":2}},"3":{"start":{"line":13,"column":2},"end":{"line":13,"column":27}},"4":{"start":{"line":15,"column":2},"end":{"line":20,"column":3}},"5":{"start":{"line":16,"column":4},"end":{"line":16,"column":38}},"6":{"start":{"line":18,"column":4},"end":{"line":18,"column":21}},"7":{"start":{"line":19,"column":4},"end":{"line":19,"column":19}},"8":{"start":{"line":22,"column":2},"end":{"line":33,"column":5}},"9":{"start":{"line":23,"column":4},"end":{"line":26,"column":5}},"10":{"start":{"line":24,"column":6},"end":{"line":24,"column":25}},"11":{"start":{"line":25,"column":6},"end":{"line":25,"column":23}},"12":{"start":{"line":27,"column":4},"end":{"line":32,"column":7}},"13":{"start":{"line":28,"column":6},"end":{"line":30,"column":7}},"14":{"start":{"line":29,"column":8},"end":{"line":29,"column":23}},"15":{"start":{"line":31,"column":6},"end":{"line":31,"column":20}}},"branchMap":{"1":{"line":23,"type":"if","locations":[{"start":{"line":23,"column":4},"end":{"line":23,"column":4}},{"start":{"line":23,"column":4},"end":{"line":23,"column":4}}]},"2":{"line":28,"type":"if","locations":[{"start":{"line":28,"column":6},"end":{"line":28,"column":6}},{"start":{"line":28,"column":6},"end":{"line":28,"column":6}}]}}},"/Users/arcseldon/work/github/auth0/ip-conn-webtask-firebase/build/main/ipconn.js":{"path":"/Users/arcseldon/work/github/auth0/ip-conn-webtask-firebase/build/main/ipconn.js","s":{"1":1,"2":1,"3":6,"4":6,"5":6,"6":6,"7":6,"8":0,"9":4,"10":0,"11":0,"12":4,"13":0,"14":1,"15":15,"16":15,"17":1,"18":14,"19":2,"20":12,"21":12,"22":12,"23":12,"24":12,"25":12,"26":0,"27":12,"28":12,"29":0,"30":12,"31":12,"32":4,"33":4,"34":8,"35":8,"36":8,"37":4,"38":4,"39":4,"40":4,"41":4,"42":4,"43":0,"44":0,"45":8,"46":8,"47":8,"48":8,"49":0,"50":0,"51":8,"52":8,"53":0,"54":0,"55":8,"56":8,"57":8,"58":8,"59":2,"60":6,"61":6,"62":0,"63":0,"64":0,"65":0},"b":{"1":[6,0],"2":[1,14],"3":[2,12],"4":[0,12],"5":[0,12],"6":[4,8],"7":[4,4,0],"8":[4,0],"9":[4,0],"10":[0,8],"11":[2,6]},"f":{"1":6,"2":6,"3":6,"4":6,"5":0,"6":4,"7":0,"8":0,"9":4,"10":0,"11":15,"12":8,"13":8,"14":0},"fnMap":{"1":{"name":"getConfig","line":15,"loc":{"start":{"line":15,"column":16},"end":{"line":15,"column":46}}},"2":{"name":"(anonymous_2)","line":16,"loc":{"start":{"line":16,"column":23},"end":{"line":16,"column":39}}},"3":{"name":"getConn","line":24,"loc":{"start":{"line":24,"column":14},"end":{"line":24,"column":43}}},"4":{"name":"(anonymous_4)","line":25,"loc":{"start":{"line":25,"column":39},"end":{"line":25,"column":59}}},"5":{"name":"by8Bits","line":31,"loc":{"start":{"line":31,"column":11},"end":{"line":31,"column":32}}},"6":{"name":"by16Bits","line":34,"loc":{"start":{"line":34,"column":12},"end":{"line":34,"column":34}}},"7":{"name":"by24Bits","line":37,"loc":{"start":{"line":37,"column":12},"end":{"line":37,"column":34}}},"8":{"name":"by16Bits","line":42,"loc":{"start":{"line":42,"column":12},"end":{"line":42,"column":34}}},"9":{"name":"by32Bits","line":45,"loc":{"start":{"line":45,"column":12},"end":{"line":45,"column":34}}},"10":{"name":"by48Bits","line":48,"loc":{"start":{"line":48,"column":12},"end":{"line":48,"column":34}}},"11":{"name":"(anonymous_11)","line":53,"loc":{"start":{"line":53,"column":17},"end":{"line":53,"column":38}}},"12":{"name":"(anonymous_12)","line":138,"loc":{"start":{"line":138,"column":39},"end":{"line":138,"column":56}}},"13":{"name":"(anonymous_13)","line":150,"loc":{"start":{"line":150,"column":23},"end":{"line":150,"column":41}}},"14":{"name":"(anonymous_14)","line":162,"loc":{"start":{"line":162,"column":5},"end":{"line":162,"column":22}}}},"statementMap":{"1":{"start":{"line":11,"column":0},"end":{"line":13,"column":26}},"2":{"start":{"line":15,"column":0},"end":{"line":51,"column":2}},"3":{"start":{"line":16,"column":2},"end":{"line":21,"column":5}},"4":{"start":{"line":17,"column":4},"end":{"line":20,"column":6}},"5":{"start":{"line":25,"column":2},"end":{"line":27,"column":5}},"6":{"start":{"line":26,"column":4},"end":{"line":26,"column":35}},"7":{"start":{"line":28,"column":2},"end":{"line":28,"column":67}},"8":{"start":{"line":32,"column":4},"end":{"line":32,"column":28}},"9":{"start":{"line":35,"column":4},"end":{"line":35,"column":58}},"10":{"start":{"line":38,"column":4},"end":{"line":38,"column":76}},"11":{"start":{"line":43,"column":4},"end":{"line":43,"column":28}},"12":{"start":{"line":46,"column":4},"end":{"line":46,"column":58}},"13":{"start":{"line":49,"column":4},"end":{"line":49,"column":76}},"14":{"start":{"line":53,"column":0},"end":{"line":166,"column":2}},"15":{"start":{"line":55,"column":2},"end":{"line":55,"column":35}},"16":{"start":{"line":61,"column":2},"end":{"line":63,"column":3}},"17":{"start":{"line":62,"column":4},"end":{"line":62,"column":47}},"18":{"start":{"line":64,"column":2},"end":{"line":66,"column":3}},"19":{"start":{"line":65,"column":4},"end":{"line":65,"column":111}},"20":{"start":{"line":68,"column":2},"end":{"line":68,"column":40}},"21":{"start":{"line":69,"column":2},"end":{"line":69,"column":38}},"22":{"start":{"line":70,"column":2},"end":{"line":70,"column":43}},"23":{"start":{"line":71,"column":2},"end":{"line":71,"column":43}},"24":{"start":{"line":77,"column":2},"end":{"line":77,"column":72}},"25":{"start":{"line":79,"column":2},"end":{"line":81,"column":3}},"26":{"start":{"line":80,"column":4},"end":{"line":80,"column":86}},"27":{"start":{"line":83,"column":2},"end":{"line":83,"column":72}},"28":{"start":{"line":85,"column":2},"end":{"line":87,"column":3}},"29":{"start":{"line":86,"column":4},"end":{"line":86,"column":86}},"30":{"start":{"line":93,"column":2},"end":{"line":93,"column":28}},"31":{"start":{"line":96,"column":2},"end":{"line":99,"column":3}},"32":{"start":{"line":97,"column":4},"end":{"line":97,"column":54}},"33":{"start":{"line":98,"column":4},"end":{"line":98,"column":47}},"34":{"start":{"line":101,"column":2},"end":{"line":101,"column":34}},"35":{"start":{"line":103,"column":2},"end":{"line":103,"column":42}},"36":{"start":{"line":110,"column":2},"end":{"line":122,"column":3}},"37":{"start":{"line":112,"column":6},"end":{"line":112,"column":120}},"38":{"start":{"line":113,"column":6},"end":{"line":113,"column":38}},"39":{"start":{"line":114,"column":6},"end":{"line":114,"column":12}},"40":{"start":{"line":116,"column":6},"end":{"line":116,"column":120}},"41":{"start":{"line":117,"column":6},"end":{"line":117,"column":38}},"42":{"start":{"line":118,"column":6},"end":{"line":118,"column":12}},"43":{"start":{"line":120,"column":6},"end":{"line":120,"column":44}},"44":{"start":{"line":121,"column":6},"end":{"line":121,"column":52}},"45":{"start":{"line":124,"column":2},"end":{"line":124,"column":54}},"46":{"start":{"line":130,"column":2},"end":{"line":130,"column":27}},"47":{"start":{"line":131,"column":2},"end":{"line":136,"column":3}},"48":{"start":{"line":132,"column":4},"end":{"line":132,"column":38}},"49":{"start":{"line":134,"column":4},"end":{"line":134,"column":21}},"50":{"start":{"line":135,"column":4},"end":{"line":135,"column":72}},"51":{"start":{"line":138,"column":2},"end":{"line":143,"column":5}},"52":{"start":{"line":139,"column":4},"end":{"line":142,"column":5}},"53":{"start":{"line":140,"column":6},"end":{"line":140,"column":27}},"54":{"start":{"line":141,"column":6},"end":{"line":141,"column":52}},"55":{"start":{"line":150,"column":2},"end":{"line":165,"column":5}},"56":{"start":{"line":151,"column":4},"end":{"line":161,"column":5}},"57":{"start":{"line":152,"column":6},"end":{"line":152,"column":35}},"58":{"start":{"line":153,"column":6},"end":{"line":155,"column":7}},"59":{"start":{"line":154,"column":8},"end":{"line":154,"column":39}},"60":{"start":{"line":156,"column":6},"end":{"line":156,"column":46}},"61":{"start":{"line":157,"column":6},"end":{"line":157,"column":51}},"62":{"start":{"line":159,"column":6},"end":{"line":159,"column":56}},"63":{"start":{"line":160,"column":6},"end":{"line":160,"column":52}},"64":{"start":{"line":163,"column":4},"end":{"line":163,"column":42}},"65":{"start":{"line":164,"column":4},"end":{"line":164,"column":50}}},"branchMap":{"1":{"line":28,"type":"cond-expr","locations":[{"start":{"line":28,"column":29},"end":{"line":28,"column":52}},{"start":{"line":28,"column":55},"end":{"line":28,"column":66}}]},"2":{"line":61,"type":"if","locations":[{"start":{"line":61,"column":2},"end":{"line":61,"column":2}},{"start":{"line":61,"column":2},"end":{"line":61,"column":2}}]},"3":{"line":64,"type":"if","locations":[{"start":{"line":64,"column":2},"end":{"line":64,"column":2}},{"start":{"line":64,"column":2},"end":{"line":64,"column":2}}]},"4":{"line":79,"type":"if","locations":[{"start":{"line":79,"column":2},"end":{"line":79,"column":2}},{"start":{"line":79,"column":2},"end":{"line":79,"column":2}}]},"5":{"line":85,"type":"if","locations":[{"start":{"line":85,"column":2},"end":{"line":85,"column":2}},{"start":{"line":85,"column":2},"end":{"line":85,"column":2}}]},"6":{"line":96,"type":"if","locations":[{"start":{"line":96,"column":2},"end":{"line":96,"column":2}},{"start":{"line":96,"column":2},"end":{"line":96,"column":2}}]},"7":{"line":110,"type":"switch","locations":[{"start":{"line":111,"column":4},"end":{"line":114,"column":12}},{"start":{"line":115,"column":4},"end":{"line":118,"column":12}},{"start":{"line":119,"column":4},"end":{"line":121,"column":52}}]},"8":{"line":112,"type":"cond-expr","locations":[{"start":{"line":112,"column":42},"end":{"line":112,"column":97}},{"start":{"line":112,"column":100},"end":{"line":112,"column":119}}]},"9":{"line":116,"type":"cond-expr","locations":[{"start":{"line":116,"column":42},"end":{"line":116,"column":97}},{"start":{"line":116,"column":100},"end":{"line":116,"column":119}}]},"10":{"line":139,"type":"if","locations":[{"start":{"line":139,"column":4},"end":{"line":139,"column":4}},{"start":{"line":139,"column":4},"end":{"line":139,"column":4}}]},"11":{"line":153,"type":"if","locations":[{"start":{"line":153,"column":6},"end":{"line":153,"column":6}},{"start":{"line":153,"column":6},"end":{"line":153,"column":6}}]}}}}