TN:
SF:/Users/arcseldon/work/github/auth0/ip-conn-webtask-firebase/build/utils/firebaseSetter.js
FN:11,(anonymous_1)
FN:22,(anonymous_2)
FN:27,(anonymous_3)
FNF:3
FNH:3
FNDA:1,(anonymous_1)
FNDA:1,(anonymous_2)
FNDA:1,(anonymous_3)
DA:4,1
DA:11,1
DA:13,1
DA:15,1
DA:16,1
DA:18,0
DA:19,0
DA:22,1
DA:23,1
DA:24,0
DA:25,0
DA:27,1
DA:28,1
DA:29,0
DA:31,1
LF:15
LH:10
BRDA:23,1,0,0
BRDA:23,1,1,1
BRDA:28,2,0,0
BRDA:28,2,1,1
BRF:4
BRH:2
end_of_record
TN:
SF:/Users/arcseldon/work/github/auth0/ip-conn-webtask-firebase/build/main/ipconn.js
FN:15,getConfig
FN:16,(anonymous_2)
FN:24,getConn
FN:25,(anonymous_4)
FN:31,by8Bits
FN:34,by16Bits
FN:37,by24Bits
FN:42,by16Bits
FN:45,by32Bits
FN:48,by48Bits
FN:53,(anonymous_11)
FN:138,(anonymous_12)
FN:150,(anonymous_13)
FN:162,(anonymous_14)
FNF:14
FNH:9
FNDA:6,getConfig
FNDA:6,(anonymous_2)
FNDA:6,getConn
FNDA:6,(anonymous_4)
FNDA:0,by8Bits
FNDA:4,by16Bits
FNDA:0,by24Bits
FNDA:0,by16Bits
FNDA:4,by32Bits
FNDA:0,by48Bits
FNDA:15,(anonymous_11)
FNDA:8,(anonymous_12)
FNDA:8,(anonymous_13)
FNDA:0,(anonymous_14)
DA:11,1
DA:15,1
DA:16,6
DA:17,6
DA:25,6
DA:26,6
DA:28,6
DA:32,0
DA:35,4
DA:38,0
DA:43,0
DA:46,4
DA:49,0
DA:53,1
DA:55,15
DA:61,15
DA:62,1
DA:64,14
DA:65,2
DA:68,12
DA:69,12
DA:70,12
DA:71,12
DA:77,12
DA:79,12
DA:80,0
DA:83,12
DA:85,12
DA:86,0
DA:93,12
DA:96,12
DA:97,4
DA:98,4
DA:101,8
DA:103,8
DA:110,8
DA:112,4
DA:113,4
DA:114,4
DA:116,4
DA:117,4
DA:118,4
DA:120,0
DA:121,0
DA:124,8
DA:130,8
DA:131,8
DA:132,8
DA:134,0
DA:135,0
DA:138,8
DA:139,8
DA:140,0
DA:141,0
DA:150,8
DA:151,8
DA:152,8
DA:153,8
DA:154,2
DA:156,6
DA:157,6
DA:159,0
DA:160,0
DA:163,0
DA:164,0
LF:65
LH:49
BRDA:28,1,0,6
BRDA:28,1,1,0
BRDA:61,2,0,1
BRDA:61,2,1,14
BRDA:64,3,0,2
BRDA:64,3,1,12
BRDA:79,4,0,0
BRDA:79,4,1,12
BRDA:85,5,0,0
BRDA:85,5,1,12
BRDA:96,6,0,4
BRDA:96,6,1,8
BRDA:110,7,0,4
BRDA:110,7,1,4
BRDA:110,7,2,0
BRDA:112,8,0,4
BRDA:112,8,1,0
BRDA:116,9,0,4
BRDA:116,9,1,0
BRDA:139,10,0,0
BRDA:139,10,1,8
BRDA:153,11,0,2
BRDA:153,11,1,6
BRF:23
BRH:16
end_of_record
